2018-12-22 14:37:54.614  INFO 8952 --- [main] sep.Application                          : Starting Application on Bilbo with PID 8952 (C:\Users\Bojana\git\CentarZaPlatneKartice\target\classes started by Bojana in C:\Users\Bojana\git\CentarZaPlatneKartice)
2018-12-22 14:37:54.630  INFO 8952 --- [main] sep.Application                          : No active profile set, falling back to default profiles: default
2018-12-22 14:37:54.724  INFO 8952 --- [main] ationConfigEmbeddedWebApplicationContext : Refreshing org.springframework.boot.context.embedded.AnnotationConfigEmbeddedWebApplicationContext@4fe767f3: startup date [Sat Dec 22 14:37:54 CET 2018]; root of context hierarchy
2018-12-22 14:37:55.867  INFO 8952 --- [main] o.s.b.f.xml.XmlBeanDefinitionReader      : Loading XML bean definitions from class path resource [META-INF/cxf/cxf.xml]
2018-12-22 14:37:56.832  INFO 8952 --- [main] trationDelegate$BeanPostProcessorChecker : Bean 'org.springframework.ws.config.annotation.DelegatingWsConfiguration' of type [org.springframework.ws.config.annotation.DelegatingWsConfiguration$$EnhancerBySpringCGLIB$$6d50fbfb] is not eligible for getting processed by all BeanPostProcessors (for example: not eligible for auto-proxying)
2018-12-22 14:37:56.879  INFO 8952 --- [main] .w.s.a.s.AnnotationActionEndpointMapping : Supporting [WS-Addressing August 2004, WS-Addressing 1.0]
2018-12-22 14:37:57.805  INFO 8952 --- [main] s.b.c.e.t.TomcatEmbeddedServletContainer : Tomcat initialized with port(s): 1237 (https)
2018-12-22 14:37:57.821  INFO 8952 --- [main] o.apache.catalina.core.StandardService   : Starting service [Tomcat]
2018-12-22 14:37:57.821  INFO 8952 --- [main] org.apache.catalina.core.StandardEngine  : Starting Servlet Engine: Apache Tomcat/8.5.23
2018-12-22 14:37:58.149  INFO 8952 --- [localhost-startStop-1] o.a.c.c.C.[Tomcat].[localhost].[/]       : Initializing Spring embedded WebApplicationContext
2018-12-22 14:37:58.165  INFO 8952 --- [localhost-startStop-1] o.s.web.context.ContextLoader            : Root WebApplicationContext: initialization completed in 3441 ms
2018-12-22 14:37:59.242  INFO 8952 --- [localhost-startStop-1] o.s.b.w.servlet.FilterRegistrationBean   : Mapping filter: 'characterEncodingFilter' to: [/*]
2018-12-22 14:37:59.247  INFO 8952 --- [localhost-startStop-1] o.s.b.w.servlet.FilterRegistrationBean   : Mapping filter: 'hiddenHttpMethodFilter' to: [/*]
2018-12-22 14:37:59.247  INFO 8952 --- [localhost-startStop-1] o.s.b.w.servlet.FilterRegistrationBean   : Mapping filter: 'httpPutFormContentFilter' to: [/*]
2018-12-22 14:37:59.247  INFO 8952 --- [localhost-startStop-1] o.s.b.w.servlet.FilterRegistrationBean   : Mapping filter: 'requestContextFilter' to: [/*]
2018-12-22 14:37:59.247  INFO 8952 --- [localhost-startStop-1] .s.DelegatingFilterProxyRegistrationBean : Mapping filter: 'springSecurityFilterChain' to: [/*]
2018-12-22 14:37:59.263  INFO 8952 --- [localhost-startStop-1] o.s.b.w.servlet.ServletRegistrationBean  : Mapping servlet: 'dispatcherServlet' to [/]
2018-12-22 14:37:59.263  INFO 8952 --- [localhost-startStop-1] o.s.b.w.servlet.ServletRegistrationBean  : Mapping servlet: 'CXFServlet' to [/services/*]
2018-12-22 14:37:59.263  INFO 8952 --- [localhost-startStop-1] o.s.b.w.servlet.ServletRegistrationBean  : Mapping servlet: 'messageDispatcherServlet' to [/services/*]
2018-12-22 14:38:00.538  INFO 8952 --- [main] j.LocalContainerEntityManagerFactoryBean : Building JPA container EntityManagerFactory for persistence unit 'default'
2018-12-22 14:38:00.590  INFO 8952 --- [main] o.hibernate.jpa.internal.util.LogHelper  : HHH000204: Processing PersistenceUnitInfo [
	name: default
	...]
2018-12-22 14:38:00.719  INFO 8952 --- [main] org.hibernate.Version                    : HHH000412: Hibernate Core {5.0.12.Final}
2018-12-22 14:38:00.734  INFO 8952 --- [main] org.hibernate.cfg.Environment            : HHH000206: hibernate.properties not found
2018-12-22 14:38:00.734  INFO 8952 --- [main] org.hibernate.cfg.Environment            : HHH000021: Bytecode provider name : javassist
2018-12-22 14:38:00.812  INFO 8952 --- [main] o.hibernate.annotations.common.Version   : HCANN000001: Hibernate Commons Annotations {5.0.1.Final}
2018-12-22 14:38:01.234  INFO 8952 --- [main] org.hibernate.dialect.Dialect            : HHH000400: Using dialect: org.hibernate.dialect.MySQL5Dialect
2018-12-22 14:38:01.691  INFO 8952 --- [main] org.hibernate.tool.hbm2ddl.SchemaExport  : HHH000227: Running hbm2ddl schema export
2018-12-22 14:38:01.722  INFO 8952 --- [main] org.hibernate.tool.hbm2ddl.SchemaExport  : HHH000230: Schema export complete
2018-12-22 14:38:01.769  INFO 8952 --- [main] j.LocalContainerEntityManagerFactoryBean : Initialized JPA EntityManagerFactory for persistence unit 'default'
2018-12-22 14:38:03.444  INFO 8952 --- [main] s.w.s.m.m.a.RequestMappingHandlerAdapter : Looking for @ControllerAdvice: org.springframework.boot.context.embedded.AnnotationConfigEmbeddedWebApplicationContext@4fe767f3: startup date [Sat Dec 22 14:37:54 CET 2018]; root of context hierarchy
2018-12-22 14:38:03.756  INFO 8952 --- [main] s.w.s.m.m.a.RequestMappingHandlerMapping : Mapped "{[/platneKartice/usmeriNaBanku],methods=[POST]}" onto public sep.dto.URLDTO sep.controller.PlatneKarticeKontroler.usmeriNaBanku(sep.dto.CardDTO)
2018-12-22 14:38:03.756  INFO 8952 --- [main] s.w.s.m.m.a.RequestMappingHandlerMapping : Mapped "{[/error]}" onto public org.springframework.http.ResponseEntity<java.util.Map<java.lang.String, java.lang.Object>> org.springframework.boot.autoconfigure.web.BasicErrorController.error(javax.servlet.http.HttpServletRequest)
2018-12-22 14:38:03.756  INFO 8952 --- [main] s.w.s.m.m.a.RequestMappingHandlerMapping : Mapped "{[/error],produces=[text/html]}" onto public org.springframework.web.servlet.ModelAndView org.springframework.boot.autoconfigure.web.BasicErrorController.errorHtml(javax.servlet.http.HttpServletRequest,javax.servlet.http.HttpServletResponse)
2018-12-22 14:38:04.006  INFO 8952 --- [main] o.s.w.s.handler.SimpleUrlHandlerMapping  : Mapped URL path [/webjars/**] onto handler of type [class org.springframework.web.servlet.resource.ResourceHttpRequestHandler]
2018-12-22 14:38:04.022  INFO 8952 --- [main] o.s.w.s.handler.SimpleUrlHandlerMapping  : Mapped URL path [/**] onto handler of type [class org.springframework.web.servlet.resource.ResourceHttpRequestHandler]
2018-12-22 14:38:04.194  INFO 8952 --- [main] o.s.w.s.handler.SimpleUrlHandlerMapping  : Mapped URL path [/**/favicon.ico] onto handler of type [class org.springframework.web.servlet.resource.ResourceHttpRequestHandler]
2018-12-22 14:38:04.287  INFO 8952 --- [main] oConfiguration$WelcomePageHandlerMapping : Adding welcome page: class path resource [static/index.html]
2018-12-22 14:38:05.166  INFO 8952 --- [main] b.a.s.AuthenticationManagerConfiguration : 

Using default security password: 003f9cec-81db-4da8-b652-65dc97d4cb55

2018-12-22 14:38:05.323  INFO 8952 --- [main] o.s.s.web.DefaultSecurityFilterChain     : Creating filter chain: OrRequestMatcher [requestMatchers=[Ant [pattern='/css/**'], Ant [pattern='/js/**'], Ant [pattern='/images/**'], Ant [pattern='/webjars/**'], Ant [pattern='/**/favicon.ico'], Ant [pattern='/error']]], []
2018-12-22 14:38:05.510  INFO 8952 --- [main] o.s.s.web.DefaultSecurityFilterChain     : Creating filter chain: org.springframework.security.web.util.matcher.AnyRequestMatcher@1, [org.springframework.security.web.context.request.async.WebAsyncManagerIntegrationFilter@2b08772d, org.springframework.security.web.context.SecurityContextPersistenceFilter@3a7b2e2, org.springframework.security.web.header.HeaderWriterFilter@2ba1209b, org.springframework.security.web.authentication.logout.LogoutFilter@6f9e08d4, org.springframework.security.web.savedrequest.RequestCacheAwareFilter@2921a36a, org.springframework.security.web.servletapi.SecurityContextHolderAwareRequestFilter@384fda47, org.springframework.security.web.authentication.rememberme.RememberMeAuthenticationFilter@7f4596d0, org.springframework.security.web.authentication.AnonymousAuthenticationFilter@78a8978a, org.springframework.security.web.session.SessionManagementFilter@58fd1214, org.springframework.security.web.access.ExceptionTranslationFilter@740b6628]
2018-12-22 14:38:05.570  INFO 8952 --- [main] o.s.s.w.a.c.ChannelProcessingFilter      : Validated configuration attributes
2018-12-22 14:38:05.617  INFO 8952 --- [main] o.s.s.web.DefaultSecurityFilterChain     : Creating filter chain: OrRequestMatcher [requestMatchers=[Ant [pattern='/**']]], [org.springframework.security.web.access.channel.ChannelProcessingFilter@4872669f, org.springframework.security.web.context.request.async.WebAsyncManagerIntegrationFilter@581b1c08, org.springframework.security.web.context.SecurityContextPersistenceFilter@637791d, org.springframework.security.web.header.HeaderWriterFilter@348137e8, org.springframework.security.web.authentication.logout.LogoutFilter@422ab737, org.springframework.security.web.authentication.www.BasicAuthenticationFilter@33f2cfda, org.springframework.security.web.savedrequest.RequestCacheAwareFilter@3b0c3951, org.springframework.security.web.servletapi.SecurityContextHolderAwareRequestFilter@60f77af, org.springframework.security.web.authentication.AnonymousAuthenticationFilter@1c240cf2, org.springframework.security.web.session.SessionManagementFilter@412c5e8b, org.springframework.security.web.access.ExceptionTranslationFilter@1c34365c, org.springframework.security.web.access.intercept.FilterSecurityInterceptor@64b018f3]
2018-12-22 14:38:06.186  INFO 8952 --- [main] o.s.j.e.a.AnnotationMBeanExporter        : Registering beans for JMX exposure on startup
2018-12-22 14:38:06.866  INFO 8952 --- [main] s.b.c.e.t.TomcatEmbeddedServletContainer : Tomcat started on port(s): 1237 (https)
2018-12-22 14:38:06.884  INFO 8952 --- [main] sep.Application                          : Started Application in 12.653 seconds (JVM running for 13.867)
2018-12-22 14:39:39.121  INFO 8952 --- [https-jsse-nio-1237-exec-4] o.a.c.c.C.[Tomcat].[localhost].[/]       : Initializing Spring FrameworkServlet 'dispatcherServlet'
2018-12-22 14:39:39.123  INFO 8952 --- [https-jsse-nio-1237-exec-4] o.s.web.servlet.DispatcherServlet        : FrameworkServlet 'dispatcherServlet': initialization started
2018-12-22 14:39:39.151  INFO 8952 --- [https-jsse-nio-1237-exec-4] o.s.web.servlet.DispatcherServlet        : FrameworkServlet 'dispatcherServlet': initialization completed in 28 ms
2018-12-22 15:12:51.128  INFO 8952 --- [RMI TCP Connection(2)-127.0.0.1] inMXBeanRegistrar$SpringApplicationAdmin : Application shutdown requested.
2018-12-22 15:12:51.132  INFO 8952 --- [RMI TCP Connection(2)-127.0.0.1] ationConfigEmbeddedWebApplicationContext : Closing org.springframework.boot.context.embedded.AnnotationConfigEmbeddedWebApplicationContext@4fe767f3: startup date [Sat Dec 22 14:37:54 CET 2018]; root of context hierarchy
2018-12-22 15:12:51.134  INFO 8952 --- [RMI TCP Connection(2)-127.0.0.1] o.s.j.e.a.AnnotationMBeanExporter        : Unregistering JMX-exposed beans on shutdown
2018-12-22 15:12:51.134  INFO 8952 --- [RMI TCP Connection(2)-127.0.0.1] j.LocalContainerEntityManagerFactoryBean : Closing JPA EntityManagerFactory for persistence unit 'default'
2018-12-22 15:12:51.134  INFO 8952 --- [RMI TCP Connection(2)-127.0.0.1] org.hibernate.tool.hbm2ddl.SchemaExport  : HHH000227: Running hbm2ddl schema export
2018-12-22 15:12:51.134  INFO 8952 --- [RMI TCP Connection(2)-127.0.0.1] org.hibernate.tool.hbm2ddl.SchemaExport  : HHH000230: Schema export complete
